INFO:__main__:Fetched tables and columns from API
INFO:websockets.server:server listening on 127.0.0.1:8766
INFO:websockets.server:server listening on [::1]:8766
INFO:__main__:Started WebSocket server on ws://localhost:8766
INFO:__main__:Started file watcher
C:\Users\utkar\OneDrive\Desktop\SQLLLM\SQLLLM\Lib\site-packages\watchdog\events.py:224: RuntimeWarning: coroutine 'ChangeHandler.on_modified' was never awaited
  {
RuntimeWarning: Enable tracemalloc to get the object allocation traceback
INFO:httpx:HTTP Request: GET https://checkip.amazonaws.com/ "HTTP/1.1 200 "
INFO:httpx:HTTP Request: GET https://api.gradio.app/pkg-version "HTTP/1.1 200 OK"
INFO:httpx:HTTP Request: GET http://localhost:6969/startup-events "HTTP/1.1 200 OK"
INFO:httpx:HTTP Request: HEAD http://localhost:6969/ "HTTP/1.1 200 OK"
C:\Users\utkar\OneDrive\Desktop\SQLLLM\SQLLLM\Lib\site-packages\watchdog\events.py:224: RuntimeWarning: coroutine 'ChangeHandler.on_modified' was never awaited
  {
RuntimeWarning: Enable tracemalloc to get the object allocation traceback
C:\Users\utkar\OneDrive\Desktop\SQLLLM\SQLLLM\Lib\site-packages\watchdog\events.py:224: RuntimeWarning: coroutine 'ChangeHandler.on_modified' was never awaited
  {
RuntimeWarning: Enable tracemalloc to get the object allocation traceback
WARNING:matplotlib.style.core:In C:\Users\utkar\OneDrive\Desktop\SQLLLM\SQLLLM\Lib\site-packages\matplotlib\mpl-data\stylelib\classic.mplstyle: coroutine 'ChangeHandler.on_modified' was never awaited
WARNING:matplotlib.style.core:In C:\Users\utkar\OneDrive\Desktop\SQLLLM\SQLLLM\Lib\site-packages\matplotlib\mpl-data\stylelib\dark_background.mplstyle: coroutine 'ChangeHandler.on_modified' was never awaited
WARNING:matplotlib.style.core:In C:\Users\utkar\OneDrive\Desktop\SQLLLM\SQLLLM\Lib\site-packages\matplotlib\mpl-data\stylelib\fast.mplstyle: coroutine 'ChangeHandler.on_modified' was never awaited
WARNING:matplotlib.style.core:In C:\Users\utkar\OneDrive\Desktop\SQLLLM\SQLLLM\Lib\site-packages\matplotlib\mpl-data\stylelib\fivethirtyeight.mplstyle: coroutine 'ChangeHandler.on_modified' was never awaited
WARNING:matplotlib.style.core:In C:\Users\utkar\OneDrive\Desktop\SQLLLM\SQLLLM\Lib\site-packages\matplotlib\mpl-data\stylelib\ggplot.mplstyle: coroutine 'ChangeHandler.on_modified' was never awaited
WARNING:matplotlib.style.core:In C:\Users\utkar\OneDrive\Desktop\SQLLLM\SQLLLM\Lib\site-packages\matplotlib\mpl-data\stylelib\grayscale.mplstyle: coroutine 'ChangeHandler.on_modified' was never awaited
WARNING:matplotlib.style.core:In C:\Users\utkar\OneDrive\Desktop\SQLLLM\SQLLLM\Lib\site-packages\matplotlib\mpl-data\stylelib\seaborn-v0_8-bright.mplstyle: coroutine 'ChangeHandler.on_modified' was never awaited
WARNING:matplotlib.style.core:In C:\Users\utkar\OneDrive\Desktop\SQLLLM\SQLLLM\Lib\site-packages\matplotlib\mpl-data\stylelib\seaborn-v0_8-colorblind.mplstyle: coroutine 'ChangeHandler.on_modified' was never awaited
WARNING:matplotlib.style.core:In C:\Users\utkar\OneDrive\Desktop\SQLLLM\SQLLLM\Lib\site-packages\matplotlib\mpl-data\stylelib\seaborn-v0_8-dark-palette.mplstyle: coroutine 'ChangeHandler.on_modified' was never awaited
WARNING:matplotlib.style.core:In C:\Users\utkar\OneDrive\Desktop\SQLLLM\SQLLLM\Lib\site-packages\matplotlib\mpl-data\stylelib\seaborn-v0_8-dark.mplstyle: coroutine 'ChangeHandler.on_modified' was never awaited
WARNING:matplotlib.style.core:In C:\Users\utkar\OneDrive\Desktop\SQLLLM\SQLLLM\Lib\site-packages\matplotlib\mpl-data\stylelib\seaborn-v0_8-darkgrid.mplstyle: coroutine 'ChangeHandler.on_modified' was never awaited
WARNING:matplotlib.style.core:In C:\Users\utkar\OneDrive\Desktop\SQLLLM\SQLLLM\Lib\site-packages\matplotlib\mpl-data\stylelib\seaborn-v0_8-deep.mplstyle: coroutine 'ChangeHandler.on_modified' was never awaited
WARNING:matplotlib.style.core:In C:\Users\utkar\OneDrive\Desktop\SQLLLM\SQLLLM\Lib\site-packages\matplotlib\mpl-data\stylelib\seaborn-v0_8-muted.mplstyle: coroutine 'ChangeHandler.on_modified' was never awaited
WARNING:matplotlib.style.core:In C:\Users\utkar\OneDrive\Desktop\SQLLLM\SQLLLM\Lib\site-packages\matplotlib\mpl-data\stylelib\seaborn-v0_8-notebook.mplstyle: coroutine 'ChangeHandler.on_modified' was never awaited
WARNING:matplotlib.style.core:In C:\Users\utkar\OneDrive\Desktop\SQLLLM\SQLLLM\Lib\site-packages\matplotlib\mpl-data\stylelib\seaborn-v0_8-paper.mplstyle: coroutine 'ChangeHandler.on_modified' was never awaited
WARNING:matplotlib.style.core:In C:\Users\utkar\OneDrive\Desktop\SQLLLM\SQLLLM\Lib\site-packages\matplotlib\mpl-data\stylelib\seaborn-v0_8-pastel.mplstyle: coroutine 'ChangeHandler.on_modified' was never awaited
WARNING:matplotlib.style.core:In C:\Users\utkar\OneDrive\Desktop\SQLLLM\SQLLLM\Lib\site-packages\matplotlib\mpl-data\stylelib\seaborn-v0_8-poster.mplstyle: coroutine 'ChangeHandler.on_modified' was never awaited
WARNING:matplotlib.style.core:In C:\Users\utkar\OneDrive\Desktop\SQLLLM\SQLLLM\Lib\site-packages\matplotlib\mpl-data\stylelib\seaborn-v0_8-talk.mplstyle: coroutine 'ChangeHandler.on_modified' was never awaited
WARNING:matplotlib.style.core:In C:\Users\utkar\OneDrive\Desktop\SQLLLM\SQLLLM\Lib\site-packages\matplotlib\mpl-data\stylelib\seaborn-v0_8-ticks.mplstyle: coroutine 'ChangeHandler.on_modified' was never awaited
WARNING:matplotlib.style.core:In C:\Users\utkar\OneDrive\Desktop\SQLLLM\SQLLLM\Lib\site-packages\matplotlib\mpl-data\stylelib\seaborn-v0_8-white.mplstyle: coroutine 'ChangeHandler.on_modified' was never awaited
WARNING:matplotlib.style.core:In C:\Users\utkar\OneDrive\Desktop\SQLLLM\SQLLLM\Lib\site-packages\matplotlib\mpl-data\stylelib\seaborn-v0_8-whitegrid.mplstyle: coroutine 'ChangeHandler.on_modified' was never awaited
WARNING:matplotlib.style.core:In C:\Users\utkar\OneDrive\Desktop\SQLLLM\SQLLLM\Lib\site-packages\matplotlib\mpl-data\stylelib\seaborn-v0_8.mplstyle: coroutine 'ChangeHandler.on_modified' was never awaited
WARNING:matplotlib.style.core:In C:\Users\utkar\OneDrive\Desktop\SQLLLM\SQLLLM\Lib\site-packages\matplotlib\mpl-data\stylelib\Solarize_Light2.mplstyle: coroutine 'ChangeHandler.on_modified' was never awaited
WARNING:matplotlib.style.core:In C:\Users\utkar\OneDrive\Desktop\SQLLLM\SQLLLM\Lib\site-packages\matplotlib\mpl-data\stylelib\tableau-colorblind10.mplstyle: coroutine 'ChangeHandler.on_modified' was never awaited
WARNING:matplotlib.style.core:In C:\Users\utkar\OneDrive\Desktop\SQLLLM\SQLLLM\Lib\site-packages\matplotlib\mpl-data\stylelib\_classic_test_patch.mplstyle: coroutine 'ChangeHandler.on_modified' was never awaited
WARNING:matplotlib.style.core:In C:\Users\utkar\OneDrive\Desktop\SQLLLM\SQLLLM\Lib\site-packages\matplotlib\mpl-data\stylelib\_mpl-gallery-nogrid.mplstyle: coroutine 'ChangeHandler.on_modified' was never awaited
WARNING:matplotlib.style.core:In C:\Users\utkar\OneDrive\Desktop\SQLLLM\SQLLLM\Lib\site-packages\matplotlib\mpl-data\stylelib\_mpl-gallery.mplstyle: coroutine 'ChangeHandler.on_modified' was never awaited
C:\Users\utkar\OneDrive\Desktop\SQLLLM\SQLLLM\Lib\site-packages\watchdog\events.py:224: RuntimeWarning: coroutine 'ChangeHandler.on_modified' was never awaited
  {
RuntimeWarning: Enable tracemalloc to get the object allocation traceback
